This is pdfTeX, Version 3.1415926-2.5-1.40.14 (MiKTeX 2.9) (preloaded format=latex 2014.3.15)  5 APR 2015 20:14
entering extended mode
**sig-alternate.tex
(C:\Users\acbart\Projects\blockpy\papers\icer2015\sig-alternate.tex
LaTeX2e <2011/06/27>
Babel <v3.8m> and hyphenation patterns for english, afrikaans, ancientgreek, arabic, armenian, assamese, basque, bengali
, bokmal, bulgarian, catalan, coptic, croatian, czech, danish, dutch, esperanto, estonian, farsi, finnish, french, galic
ian, german, german-x-2013-05-26, greek, gujarati, hindi, hungarian, icelandic, indonesian, interlingua, irish, italian,
 kannada, kurmanji, latin, latvian, lithuanian, malayalam, marathi, mongolian, mongolianlmc, monogreek, ngerman, ngerman
-x-2013-05-26, nynorsk, oriya, panjabi, pinyin, polish, portuguese, romanian, russian, sanskrit, serbian, slovak, sloven
ian, spanish, swedish, swissgerman, tamil, telugu, turkish, turkmen, ukenglish, ukrainian, uppersorbian, usenglishmax, w
elsh, loaded.
(C:\Users\acbart\Projects\blockpy\papers\icer2015\sig-alternate.cls
("C:\Program Files (x86)\MiKTeX 2.9\tex\latex\graphics\epsfig.sty"
Package: epsfig 1999/02/16 v1.7a (e)psfig emulation (SPQR)

("C:\Program Files (x86)\MiKTeX 2.9\tex\latex\graphics\graphicx.sty"
Package: graphicx 1999/02/16 v1.0f Enhanced LaTeX Graphics (DPC,SPQR)

("C:\Program Files (x86)\MiKTeX 2.9\tex\latex\graphics\keyval.sty"
Package: keyval 1999/03/16 v1.13 key=value parser (DPC)
\KV@toks@=\toks14
)
("C:\Program Files (x86)\MiKTeX 2.9\tex\latex\graphics\graphics.sty"
Package: graphics 2009/02/05 v1.0o Standard LaTeX Graphics (DPC,SPQR)

("C:\Program Files (x86)\MiKTeX 2.9\tex\latex\graphics\trig.sty"
Package: trig 1999/03/16 v1.09 sin cos tan (DPC)
)
("C:\Program Files (x86)\MiKTeX 2.9\tex\latex\00miktex\graphics.cfg"
File: graphics.cfg 2007/01/18 v1.5 graphics configuration of teTeX/TeXLive
)
Package graphics Info: Driver file: dvips.def on input line 91.

("C:\Program Files (x86)\MiKTeX 2.9\tex\latex\graphics\dvips.def"
File: dvips.def 1999/02/16 v3.0i Driver-dependant file (DPC,SPQR)
))
\Gin@req@height=\dimen102
\Gin@req@width=\dimen103
)
\epsfxsize=\dimen104
\epsfysize=\dimen105
)
("C:\Program Files (x86)\MiKTeX 2.9\tex\latex\amsfonts\amssymb.sty"
Package: amssymb 2013/01/14 v3.01 AMS font symbols

("C:\Program Files (x86)\MiKTeX 2.9\tex\latex\amsfonts\amsfonts.sty"
Package: amsfonts 2013/01/14 v3.01 Basic AMSFonts support
\@emptytoks=\toks15
\symAMSa=\mathgroup4
\symAMSb=\mathgroup5
LaTeX Font Info:    Overwriting math alphabet `\mathfrak' in version `bold'
(Font)                  U/euf/m/n --> U/euf/b/n on input line 106.
))
("C:\Program Files (x86)\MiKTeX 2.9\tex\latex\amsmath\amsmath.sty"
Package: amsmath 2013/01/14 v2.14 AMS math features
\@mathmargin=\skip41

For additional information on amsmath, use the `?' option.
("C:\Program Files (x86)\MiKTeX 2.9\tex\latex\amsmath\amstext.sty"
Package: amstext 2000/06/29 v2.01

("C:\Program Files (x86)\MiKTeX 2.9\tex\latex\amsmath\amsgen.sty"
File: amsgen.sty 1999/11/30 v2.0
\@emptytoks=\toks16
\ex@=\dimen106
))
("C:\Program Files (x86)\MiKTeX 2.9\tex\latex\amsmath\amsbsy.sty"
Package: amsbsy 1999/11/29 v1.2d
\pmbraise@=\dimen107
)
("C:\Program Files (x86)\MiKTeX 2.9\tex\latex\amsmath\amsopn.sty"
Package: amsopn 1999/12/14 v2.01 operator names
)
\inf@bad=\count79
LaTeX Info: Redefining \frac on input line 210.
\uproot@=\count80
\leftroot@=\count81
LaTeX Info: Redefining \overline on input line 306.
\classnum@=\count82
\DOTSCASE@=\count83
LaTeX Info: Redefining \ldots on input line 378.
LaTeX Info: Redefining \dots on input line 381.
LaTeX Info: Redefining \cdots on input line 466.
\Mathstrutbox@=\box26
\strutbox@=\box27
\big@size=\dimen108
LaTeX Font Info:    Redeclaring font encoding OML on input line 566.
LaTeX Font Info:    Redeclaring font encoding OMS on input line 567.
\macc@depth=\count84
\c@MaxMatrixCols=\count85
\dotsspace@=\muskip10
\c@parentequation=\count86
\dspbrk@lvl=\count87
\tag@help=\toks17
\row@=\count88
\column@=\count89
\maxfields@=\count90
\andhelp@=\toks18
\eqnshift@=\dimen109
\alignsep@=\dimen110
\tagshift@=\dimen111
\tagwidth@=\dimen112
\totwidth@=\dimen113
\lineht@=\dimen114
\@envbody=\toks19
\multlinegap=\skip42
\multlinetaggap=\skip43
\mathdisplay@stack=\toks20
LaTeX Info: Redefining \[ on input line 2665.
LaTeX Info: Redefining \] on input line 2666.
)
Document Class 'sig-alternate' <23rd. May '12>. Modified by G.K.M. Tobin/Gerry Murray
Based in part upon document Style `acmconf' <22 May 89>. Hacked 4/91 by
shivers@cs.cmu.edu, 4/93 by theobald@cs.mcgill.ca
Excerpts were taken from (Journal Style) 'esub2acm.cls'.
****** Bugs/comments/suggestions/technicalities to Gerry Murray -- murray@hq.acm.org ******
Questions on the style, SIGS policies, etc. to Adrienne Griscti griscti@acm.org
\footheight=\dimen115
\@maxsep=\dimen116
\@dblmaxsep=\dimen117
\aucount=\count91
\originalaucount=\count92
\auwidth=\dimen118
\auskip=\dimen119
\auskipcount=\count93
\auskip=\dimen120
\allauboxes=\dimen121
\addauthors=\toks21
\addauflag=\count94
\subtitletext=\toks22
\savesection=\count95
\sectioncntr=\count96
\c@figure=\count97
\c@table=\count98
\titleboxnotes=\toks23
\titleboxnoteflag=\count99
Document Class: sig-alternate 2012/05/23 - V2.5 - based on acmproc.cls V1.3 <Nov. 30 '99>
("C:\Program Files (x86)\MiKTeX 2.9\tex\latex\base\latexsym.sty"
Package: latexsym 1998/08/17 v2.2e Standard LaTeX package (lasy symbols)
\symlasy=\mathgroup6
LaTeX Font Info:    Overwriting symbol font `lasy' in version `bold'
(Font)                  U/lasy/m/n --> U/lasy/b/n on input line 47.
)
\@acmtitlebox=\box28
\titlenotecount=\count100
\tntoks=\toks24
\tntokstwo=\toks25
\tntoksthree=\toks26
\tntoksfour=\toks27
\tntoksfive=\toks28
\catcount=\count101
\copyrightnotice=\toks29
\conf=\toks30
\confinfo=\toks31
\c@part=\count102
\c@section=\count103
\c@subsection=\count104
\c@subsubsection=\count105
\c@paragraph=\count106

Using 'Abbrev' bibliography style
LaTeX Info: Redefining \cite on input line 1211.
\bibindent=\dimen122
\colcntr=\count107
\saveb@x=\box29
\copyrtyr=\toks32
\acmcopyr=\toks33
\boilerplate=\toks34
\copyrightetc=\toks35
("C:\Program Files (x86)\MiKTeX 2.9\tex\latex\base\fontenc.sty"
Package: fontenc 2005/09/27 v1.99g Standard LaTeX package

("C:\Program Files (x86)\MiKTeX 2.9\tex\latex\base\t1enc.def"
File: t1enc.def 2005/09/27 v1.99g Standard LaTeX file
LaTeX Font Info:    Redeclaring font encoding T1 on input line 43.
)
LaTeX Font Info:    Try loading font information for T1+aer on input line 100.
 ("C:\Program Files (x86)\MiKTeX 2.9\tex\latex\ae\t1aer.fd"
File: t1aer.fd 1997/11/16 Font definitions for T1/aer.
))) (C:\Users\acbart\Projects\blockpy\papers\icer2015\sig-alternate.aux)
LaTeX Font Info:    Checking defaults for OML/cmm/m/it on input line 50.
LaTeX Font Info:    ... okay on input line 50.
LaTeX Font Info:    Checking defaults for T1/cmr/m/n on input line 50.
LaTeX Font Info:    ... okay on input line 50.
LaTeX Font Info:    Checking defaults for OT1/cmr/m/n on input line 50.
LaTeX Font Info:    ... okay on input line 50.
LaTeX Font Info:    Checking defaults for OMS/cmsy/m/n on input line 50.
LaTeX Font Info:    ... okay on input line 50.
LaTeX Font Info:    Checking defaults for OMX/cmex/m/n on input line 50.
LaTeX Font Info:    ... okay on input line 50.
LaTeX Font Info:    Checking defaults for U/cmr/m/n on input line 50.
LaTeX Font Info:    ... okay on input line 50.
LaTeX Font Info:    Try loading font information for U+msa on input line 161.

("C:\Program Files (x86)\MiKTeX 2.9\tex\latex\amsfonts\umsa.fd"
File: umsa.fd 2013/01/14 v3.01 AMS symbols A
)
LaTeX Font Info:    Try loading font information for U+msb on input line 161.

("C:\Program Files (x86)\MiKTeX 2.9\tex\latex\amsfonts\umsb.fd"
File: umsb.fd 2013/01/14 v3.01 AMS symbols B
)
LaTeX Font Info:    Try loading font information for U+lasy on input line 161.

("C:\Program Files (x86)\MiKTeX 2.9\tex\latex\base\ulasy.fd"
File: ulasy.fd 1998/08/17 v2.2e LaTeX symbol font definitions
)
Overfull \hbox (10.71048pt too wide) in paragraph at lines 161--161
 []\eaddfnt lleipuner@researchlabs.org| 
 []

LaTeX Font Info:    Try loading font information for T1+aett on input line 162.
("C:\Program Files (x86)\MiKTeX 2.9\tex\latex\ae\t1aett.fd"
File: t1aett.fd 1997/11/16 Font definitions for T1/aett.
)
Overfull \hbox (1.0793pt too wide) in paragraph at lines 163--172
\T1/aer/m/it/9 Prepar-ing ACM SIG Pro-ceed-ings Us-ing L[]T[]X$\OT1/cmr/m/n/9 2[]$ \T1/aer/m/it/9 and BibT[]X\T1/aer/m/n
/9 .
 []


Overfull \hbox (1.26794pt too wide) in paragraph at lines 190--191
[]\T1/aer/m/n/9 H.4 [\T1/aer/bx/n/9 Information Sys-tems Ap-pli-ca-tions\T1/aer/m/n/9 ]: Mis-cel-la-neous;
 []


Underfull \hbox (badness 1360) in paragraph at lines 214--214
[][]\T1/aer/m/n/9 Two of these, the \T1/aett/m/n/9 \num-bero-fau-thors \T1/aer/m/n/9 and \T1/aett/m/n/9 \alig-nau-
 []

[1


]

LaTeX Warning: Citation `Lamport:LaTeX' on page \thepage  undefined on input line 270.


LaTeX Warning: Citation `Lamport:LaTeX' on page \thepage  undefined on input line 285.


LaTeX Warning: Citation `bowman:reasoning' on page \thepage  undefined on input line 312.


LaTeX Warning: Citation `clark:pct' on page \thepage  undefined on input line 312.


LaTeX Warning: Citation `braams:babel' on page \thepage  undefined on input line 312.


LaTeX Warning: Citation `herlihy:methodology' on page \thepage  undefined on input line 312.


LaTeX Warning: Citation `clark:pct' on page \thepage  undefined on input line 313.


LaTeX Warning: Citation `salas:calculus' on page \thepage  undefined on input line 314.


LaTeX Warning: Citation `Lamport:LaTeX' on page \thepage  undefined on input line 314.


LaTeX Warning: Citation `Lamport:LaTeX' on page \thepage  undefined on input line 320.


LaTeX Warning: Citation `Lamport:LaTeX' on page \thepage  undefined on input line 331.

[2]
File: images/graphics.eps Graphic file (type eps)
 <images/graphics.eps>
Overfull \hbox (463.62874pt too wide) in paragraph at lines 406--407
 [][][] 
 []


LaTeX Warning: File `fly.eps' not found on input line 412.


! LaTeX Error: File `fly.eps' not found.

See the LaTeX manual or LaTeX Companion for explanation.
Type  H <return>  for immediate help.
 ...                                              
                                                  
l.412 \epsfig{file=fly.eps, height=1in, width=1in}
                                                  
Try typing  <return>  to proceed.
If that doesn't work, type  X <return>  to quit.


! LaTeX Error: Cannot determine size of graphic in fly.eps (no BoundingBox).

See the LaTeX manual or LaTeX Companion for explanation.
Type  H <return>  for immediate help.
 ...                                              
                                                  
l.412 \epsfig{file=fly.eps, height=1in, width=1in}
                                                  
Try typing  <return>  to proceed.
If that doesn't work, type  X <return>  to quit.

File: fly.eps Graphic file (type eps)
<fly.eps>

LaTeX Font Warning: Font shape `T1/aett/bx/n' undefined
(Font)              using `T1/aett/m/n' instead on input line 414.


LaTeX Warning: File `flies.eps' not found on input line 427.


! LaTeX Error: File `flies.eps' not found.

See the LaTeX manual or LaTeX Companion for explanation.
Type  H <return>  for immediate help.
 ...                                              
                                                  
l.427 \epsfig{file=flies.eps}
                             
Try typing  <return>  to proceed.
If that doesn't work, type  X <return>  to quit.


! LaTeX Error: Cannot determine size of graphic in flies.eps (no BoundingBox).

See the LaTeX manual or LaTeX Companion for explanation.
Type  H <return>  for immediate help.
 ...                                              
                                                  
l.427 \epsfig{file=flies.eps}
                             
Try typing  <return>  to proceed.
If that doesn't work, type  X <return>  to quit.

File: flies.eps Graphic file (type eps)
<flies.eps>

LaTeX Warning: File `rosette.ps' not found on input line 439.


! LaTeX Error: File `rosette.ps' not found.

See the LaTeX manual or LaTeX Companion for explanation.
Type  H <return>  for immediate help.
 ...                                              
                                                  
l.439 ...{file=rosette.ps, height=1in, width=1in,}
                                                  
Try typing  <return>  to proceed.
If that doesn't work, type  X <return>  to quit.


! LaTeX Error: Cannot determine size of graphic in rosette.ps (no BoundingBox).

See the LaTeX manual or LaTeX Companion for explanation.
Type  H <return>  for immediate help.
 ...                                              
                                                  
l.439 ...{file=rosette.ps, height=1in, width=1in,}
                                                  
Try typing  <return>  to proceed.
If that doesn't work, type  X <return>  to quit.

File: rosette.ps Graphic file (type eps)
<rosette.ps>
\c@theorem=\count108
\c@definition=\count109

Overfull \hbox (15.60826pt too wide) detected at line 495
\OML/cmm/m/it/9 l \OT1/cmr/m/n/9 = [] \OML/cmm/m/it/9 f\OT1/cmr/m/n/9 (\OML/cmm/m/it/9 x\OT1/cmr/m/n/9 ) = [] [] = [] \O
ML/cmm/m/it/9 g\OT1/cmr/m/n/9 (\OML/cmm/m/it/9 x\OT1/cmr/m/n/9 ) \OMS/cmsy/m/n/9  [] [] \OT1/cmr/m/n/9 = 0 \OMS/cmsy/m/
n/9  \OML/cmm/m/it/9 L \OT1/cmr/m/n/9 = 0\OML/cmm/m/it/9 ;
 []

[3]

LaTeX Warning: Citation `salas:calculus' on page \thepage  undefined on input line 505.

(C:\Users\acbart\Projects\blockpy\papers\icer2015\sig-alternate.bbl
Overfull \hbox (21.02989pt too wide) in paragraph at lines 1--1
\T1/aer/m/n/9 (The Kumquat Con-sor-tium, email: \T1/aett/bx/n/9 jp-kumquat@consortium.net\T1/aer/m/n/9 ). 
 []

) [4] [5

] (C:\Users\acbart\Projects\blockpy\papers\icer2015\sig-alternate.aux)

LaTeX Font Warning: Some font shapes were not available, defaults substituted.

 ) 
Here is how much of TeX's memory you used:
 1873 strings out of 493922
 21518 string characters out of 3144896
 82123 words of memory out of 3000000
 5148 multiletter control sequences out of 15000+200000
 45086 words of font info for 55 fonts, out of 3000000 for 9000
 841 hyphenation exceptions out of 8191
 39i,12n,28p,455b,314s stack positions out of 5000i,500n,10000p,200000b,50000s

Output written on sig-alternate.dvi (5 pages, 35352 bytes).
